#
# A fatal error has been detected by the Java Runtime Environment:
#
#  EXCEPTION_ACCESS_VIOLATION (0xc0000005) at pc=0x000000007457b59e, pid=5940, tid=17160
#
# JRE version: Java(TM) SE Runtime Environment (9.0+181) (build 9+181)
# Java VM: Java HotSpot(TM) 64-Bit Server VM (9+181, mixed mode, tiered, compressed oops, g1 gc, windows-amd64)
# Problematic frame:
# V  [jvm.dll+0x54b59e]
#
# No core dump will be written. Minidumps are not enabled by default on client versions of Windows
#
# If you would like to submit a bug report, please visit:
#   http://bugreport.java.com/bugreport/crash.jsp
#

---------------  S U M M A R Y ------------

Command Line: -agentlib:jdwp=transport=dt_socket,suspend=y,address=localhost:65211 -javaagent:C:\eclipse\configuration\org.eclipse.osgi\228\0\.cp\lib\javaagent-shaded.jar -Dfile.encoding=Cp1252 eg.edu.alexu.csd.datastructure.linkedList.mm

Host: Intel(R) Core(TM) i7-6500U CPU @ 2.50GHz, 4 cores, 7G,  Windows 10 , 64 bit Build 17134 (10.0.17134.753)
Time: Tue Mar 17 19:41:28 2020 Egypt Standard Time elapsed time: 4135 seconds (0d 1h 8m 55s)

---------------  T H R E A D  ---------------

Current thread (0x00000208b3830800):  VMThread "VM Thread" [stack: 0x000000a844200000,0x000000a844300000] [id=17160]

Stack: [0x000000a844200000,0x000000a844300000],  sp=0x000000a8442ff060,  free space=1020k
Native frames: (J=compiled Java code, j=interpreted, Vv=VM code, C=native code)
V  [jvm.dll+0x54b59e]
V  [jvm.dll+0x469f41]
V  [jvm.dll+0x1b429b]
V  [jvm.dll+0x46a053]
V  [jvm.dll+0x6a356b]
V  [jvm.dll+0x6a1d05]
V  [jvm.dll+0x6a24e1]
V  [jvm.dll+0x6a27cc]
V  [jvm.dll+0x586530]
C  [msvcr120.dll+0x24f7f]
C  [msvcr120.dll+0x25126]
C  [KERNEL32.DLL+0x14034]
C  [ntdll.dll+0x73691]


siginfo: EXCEPTION_ACCESS_VIOLATION (0xc0000005), reading address 0xffffffffffffffff


Register to memory mapping:

RIP=0x000000007457b59e jvm.dll
RAX=0x00000208b2ebe270 is an unknown value
RBX=0x00000208b36a3f18 is pointing into metadata
RCX=0x0000000000000008 is an unknown value
RDX=0x0000000000000003 is an unknown value
RSP=0x000000a8442ff060 is an unknown value
RBP=0x00000208b3830800 is an unknown value
RSI=0x0000840000000000 is an unknown value
RDI=0x0000000000000001 is an unknown value
R8 =0x000000a8442fec40 is an unknown value
R9 =0x00007ff808d40000 msvcr120.dll
R10=0x0000000000000000 is an unknown value
R11=0x0000000000000200 is an unknown value
R12=0x00000208b37c57d8 is an unknown value
R13=0x00000000000003d8 is an unknown value
R14=0x00000208b382cd00 is an unknown value
R15=0x00000208b37c5400 is an unknown value


Registers:
RAX=0x00000208b2ebe270, RBX=0x00000208b36a3f18, RCX=0x0000000000000008, RDX=0x0000000000000003
RSP=0x000000a8442ff060, RBP=0x00000208b3830800, RSI=0x0000840000000000, RDI=0x0000000000000001
R8 =0x000000a8442fec40, R9 =0x00007ff808d40000, R10=0x0000000000000000, R11=0x0000000000000200
R12=0x00000208b37c57d8, R13=0x00000000000003d8, R14=0x00000208b382cd00, R15=0x00000208b37c5400
RIP=0x000000007457b59e, EFLAGS=0x0000000000010206

Top of Stack: (sp=0x000000a8442ff060)
0x000000a8442ff060:   00000208b3c04fc0 0000000000000003
0x000000a8442ff070:   00000000747ef6f0 00000208b3830800
0x000000a8442ff080:   00000208b37c5400 00000208b382cd00
0x000000a8442ff090:   00000000000003d8 00000208b37c57d8
0x000000a8442ff0a0:   00000208b3830800 0000000074499f41
0x000000a8442ff0b0:   00000208b3830b20 00000208b3830bf8
0x000000a8442ff0c0:   00000208b38482c0 000000a8442ff140
0x000000a8442ff0d0:   000000a8442ff1b0 00000000741e429b
0x000000a8442ff0e0:   00000001000b24a8 00000208b37c57d8
0x000000a8442ff0f0:   0000000000000000 0000000000000000
0x000000a8442ff100:   0000000000000001 000000007449a053
0x000000a8442ff110:   000000a844cff6a0 0000000000000000
0x000000a8442ff120:   000000a844cff6a0 0000020890482710
0x000000a8442ff130:   000000a8442ff240 0000000074615615
0x000000a8442ff140:   00000208b3830800 00000208b382c740
0x000000a8442ff150:   00000208b3830b10 00000208b3830b20 

Instructions: (pc=0x000000007457b59e)
0x000000007457b57e:   8b 15 d0 da 44 00 65 48 8b 04 25 58 00 00 00 48
0x000000007457b58e:   89 74 24 60 48 8b 04 d0 48 8b f1 b9 08 00 00 00
0x000000007457b59e:   83 be 28 01 00 00 00 48 8b 14 08 48 8b aa 50 01
0x000000007457b5ae:   00 00 4c 8b 75 10 4c 8b 7d 18 4c 8b 65 20 4c 8b 


VM_Operation (0x000000a844cff6a0): RedefineClasses, mode: safepoint, requested by thread 0x00000208b3ba1000, redefining class eg.edu.alexu.csd.datastructure.linkedList.mm



---------------  P R O C E S S  ---------------

Java Threads: ( => current thread )
  0x00000208b3d2a000 JavaThread "Service Thread" daemon [_thread_blocked, id=12312, stack(0x000000a844f00000,0x000000a845000000)]
  0x00000208b3ba3000 JavaThread "JDWP Command Reader" daemon [_thread_in_native, id=8656, stack(0x000000a844e00000,0x000000a844f00000)]
  0x00000208b3ba2000 JavaThread "JDWP Event Helper Thread" daemon [_thread_blocked, id=14812, stack(0x000000a844d00000,0x000000a844e00000)]
  0x00000208b3ba1000 JavaThread "JDWP Transport Listener: dt_socket" daemon [_thread_blocked, id=4200, stack(0x000000a844c00000,0x000000a844d00000)]
  0x00000208b390f800 JavaThread "Common-Cleaner" daemon [_thread_blocked, id=14576, stack(0x000000a844b00000,0x000000a844c00000)]
  0x00000208b3908800 JavaThread "Sweeper thread" daemon [_thread_blocked, id=10580, stack(0x000000a844a00000,0x000000a844b00000)]
  0x00000208b38fb800 JavaThread "C1 CompilerThread2" daemon [_thread_blocked, id=16792, stack(0x000000a844900000,0x000000a844a00000)]
  0x00000208b38fb000 JavaThread "C2 CompilerThread1" daemon [_thread_blocked, id=16364, stack(0x000000a844800000,0x000000a844900000)]
  0x00000208b3898800 JavaThread "C2 CompilerThread0" daemon [_thread_blocked, id=11556, stack(0x000000a844700000,0x000000a844800000)]
  0x00000208b3894000 JavaThread "Attach Listener" daemon [_thread_blocked, id=15320, stack(0x000000a844600000,0x000000a844700000)]
  0x00000208b3893800 JavaThread "Signal Dispatcher" daemon [_thread_blocked, id=2744, stack(0x000000a844500000,0x000000a844600000)]
  0x00000208b3846800 JavaThread "Finalizer" daemon [_thread_blocked, id=16272, stack(0x000000a844400000,0x000000a844500000)]
  0x00000208b383d800 JavaThread "Reference Handler" daemon [_thread_blocked, id=1668, stack(0x000000a844300000,0x000000a844400000)]
  0x0000020890483800 JavaThread "main" [_thread_in_native, id=17056, stack(0x000000a843600000,0x000000a843700000)]

Other Threads:
=>0x00000208b3830800 VMThread "VM Thread" [stack: 0x000000a844200000,0x000000a844300000] [id=17160]
  0x00000208b3d2d800 WatcherThread [stack: 0x000000a845000000,0x000000a845100000] [id=16152]
  0x0000020890499000 GCTaskThread "GC Thread#0" [stack: 0x000000a843700000,0x000000a843800000] [id=240]
  0x000002089049a800 GCTaskThread "GC Thread#1" [stack: 0x000000a843800000,0x000000a843900000] [id=12428]
  0x00000208904a2000 GCTaskThread "GC Thread#2" [stack: 0x000000a843900000,0x000000a843a00000] [id=3152]
  0x00000208904a4000 GCTaskThread "GC Thread#3" [stack: 0x000000a843a00000,0x000000a843b00000] [id=4856]
  0x0000020890524800 ConcurrentGCThread "G1 Main Marker" [stack: 0x000000a844000000,0x000000a844100000] [id=9032]
  0x0000020890528800 ConcurrentGCThread "G1 Marker#0" [stack: 0x000000a844100000,0x000000a844200000] [id=2160]
  0x00000208904bc800 ConcurrentGCThread "G1 Refine#0" [stack: 0x000000a843e00000,0x000000a843f00000] [id=5328]
  0x00000208904b2800 ConcurrentGCThread "G1 Refine#1" [stack: 0x000000a843d00000,0x000000a843e00000] [id=7316]
  0x00000208904ad800 ConcurrentGCThread "G1 Refine#2" [stack: 0x000000a843c00000,0x000000a843d00000] [id=12928]
  0x00000208904ac800 ConcurrentGCThread "G1 Refine#3" [stack: 0x000000a843b00000,0x000000a843c00000] [id=15352]
  0x00000208904bd800 ConcurrentGCThread "G1 Young RemSet Sampling" [stack: 0x000000a843f00000,0x000000a844000000] [id=16756]

Threads with active compile tasks:

VM state:at safepoint (normal execution)

VM Mutex/Monitor currently owned by a thread:  ([mutex/lock_event])
[0x0000020890480c10] Threads_lock - owner thread: 0x00000208b3830800

Heap address: 0x0000000081800000, size: 2024 MB, Compressed Oops mode: 32-bit
Narrow klass base: 0x0000000000000000, Narrow klass shift: 3
Compressed class space size: 1073741824 Address: 0x0000000100000000

Heap:
 garbage-first heap   total 131072K, used 9216K [0x0000000081800000, 0x0000000081900400, 0x0000000100000000)
  region size 1024K, 10 young (10240K), 0 survivors (0K)
 Metaspace       used 9075K, capacity 9236K, committed 9344K, reserved 1058816K
  class space    used 780K, capacity 811K, committed 896K, reserved 1048576K
Heap Regions: E=young(eden), S=young(survivor), O=old, HS=humongous(starts), HC=humongous(continues), CS=collection set, F=free, A=archive, TS=gc time stamp, AC=allocation context, TAMS=top-at-mark-start (previous, next)
|   0|0x0000000081800000, 0x0000000081800000, 0x0000000081900000|  0%| F|  |TS  0|AC  0|TAMS 0x0000000081800000, 0x0000000081800000|
|   1|0x0000000081900000, 0x0000000081900000, 0x0000000081a00000|  0%| F|  |TS  0|AC  0|TAMS 0x0000000081900000, 0x0000000081900000|
|   2|0x0000000081a00000, 0x0000000081a00000, 0x0000000081b00000|  0%| F|  |TS  0|AC  0|TAMS 0x0000000081a00000, 0x0000000081a00000|
|   3|0x0000000081b00000, 0x0000000081b00000, 0x0000000081c00000|  0%| F|  |TS  0|AC  0|TAMS 0x0000000081b00000, 0x0000000081b00000|
|   4|0x0000000081c00000, 0x0000000081c00000, 0x0000000081d00000|  0%| F|  |TS  0|AC  0|TAMS 0x0000000081c00000, 0x0000000081c00000|
|   5|0x0000000081d00000, 0x0000000081d00000, 0x0000000081e00000|  0%| F|  |TS  0|AC  0|TAMS 0x0000000081d00000, 0x0000000081d00000|
|   6|0x0000000081e00000, 0x0000000081e00000, 0x0000000081f00000|  0%| F|  |TS  0|AC  0|TAMS 0x0000000081e00000, 0x0000000081e00000|
|   7|0x0000000081f00000, 0x0000000081f00000, 0x0000000082000000|  0%| F|  |TS  0|AC  0|TAMS 0x0000000081f00000, 0x0000000081f00000|
|   8|0x0000000082000000, 0x0000000082000000, 0x0000000082100000|  0%| F|  |TS  0|AC  0|TAMS 0x0000000082000000, 0x0000000082000000|
|   9|0x0000000082100000, 0x0000000082100000, 0x0000000082200000|  0%| F|  |TS  0|AC  0|TAMS 0x0000000082100000, 0x0000000082100000|
|  10|0x0000000082200000, 0x0000000082200000, 0x0000000082300000|  0%| F|  |TS  0|AC  0|TAMS 0x0000000082200000, 0x0000000082200000|
|  11|0x0000000082300000, 0x0000000082300000, 0x0000000082400000|  0%| F|  |TS  0|AC  0|TAMS 0x0000000082300000, 0x0000000082300000|
|  12|0x0000000082400000, 0x0000000082400000, 0x0000000082500000|  0%| F|  |TS  0|AC  0|TAMS 0x0000000082400000, 0x0000000082400000|
|  13|0x0000000082500000, 0x0000000082500000, 0x0000000082600000|  0%| F|  |TS  0|AC  0|TAMS 0x0000000082500000, 0x0000000082500000|
|  14|0x0000000082600000, 0x0000000082600000, 0x0000000082700000|  0%| F|  |TS  0|AC  0|TAMS 0x0000000082600000, 0x0000000082600000|
|  15|0x0000000082700000, 0x0000000082700000, 0x0000000082800000|  0%| F|  |TS  0|AC  0|TAMS 0x0000000082700000, 0x0000000082700000|
|  16|0x0000000082800000, 0x0000000082800000, 0x0000000082900000|  0%| F|  |TS  0|AC  0|TAMS 0x0000000082800000, 0x0000000082800000|
|  17|0x0000000082900000, 0x0000000082900000, 0x0000000082a00000|  0%| F|  |TS  0|AC  0|TAMS 0x0000000082900000, 0x0000000082900000|
|  18|0x0000000082a00000, 0x0000000082a00000, 0x0000000082b00000|  0%| F|  |TS  0|AC  0|TAMS 0x0000000082a00000, 0x0000000082a00000|
|  19|0x0000000082b00000, 0x0000000082b00000, 0x0000000082c00000|  0%| F|  |TS  0|AC  0|TAMS 0x0000000082b00000, 0x0000000082b00000|
|  20|0x0000000082c00000, 0x0000000082c00000, 0x0000000082d00000|  0%| F|  |TS  0|AC  0|TAMS 0x0000000082c00000, 0x0000000082c00000|
|  21|0x0000000082d00000, 0x0000000082d00000, 0x0000000082e00000|  0%| F|  |TS  0|AC  0|TAMS 0x0000000082d00000, 0x0000000082d00000|
|  22|0x0000000082e00000, 0x0000000082e00000, 0x0000000082f00000|  0%| F|  |TS  0|AC  0|TAMS 0x0000000082e00000, 0x0000000082e00000|
|  23|0x0000000082f00000, 0x0000000082f00000, 0x0000000083000000|  0%| F|  |TS  0|AC  0|TAMS 0x0000000082f00000, 0x0000000082f00000|
|  24|0x0000000083000000, 0x0000000083000000, 0x0000000083100000|  0%| F|  |TS  0|AC  0|TAMS 0x0000000083000000, 0x0000000083000000|
|  25|0x0000000083100000, 0x0000000083100000, 0x0000000083200000|  0%| F|  |TS  0|AC  0|TAMS 0x0000000083100000, 0x0000000083100000|
|  26|0x0000000083200000, 0x0000000083200000, 0x0000000083300000|  0%| F|  |TS  0|AC  0|TAMS 0x0000000083200000, 0x0000000083200000|
|  27|0x0000000083300000, 0x0000000083300000, 0x0000000083400000|  0%| F|  |TS  0|AC  0|TAMS 0x0000000083300000, 0x0000000083300000|
|  28|0x0000000083400000, 0x0000000083400000, 0x0000000083500000|  0%| F|  |TS  0|AC  0|TAMS 0x0000000083400000, 0x0000000083400000|
|  29|0x0000000083500000, 0x0000000083500000, 0x0000000083600000|  0%| F|  |TS  0|AC  0|TAMS 0x0000000083500000, 0x0000000083500000|
|  30|0x0000000083600000, 0x0000000083600000, 0x0000000083700000|  0%| F|  |TS  0|AC  0|TAMS 0x0000000083600000, 0x0000000083600000|
|  31|0x0000000083700000, 0x0000000083700000, 0x0000000083800000|  0%| F|  |TS  0|AC  0|TAMS 0x0000000083700000, 0x0000000083700000|
|  32|0x0000000083800000, 0x0000000083800000, 0x0000000083900000|  0%| F|  |TS  0|AC  0|TAMS 0x0000000083800000, 0x0000000083800000|
|  33|0x0000000083900000, 0x0000000083900000, 0x0000000083a00000|  0%| F|  |TS  0|AC  0|TAMS 0x0000000083900000, 0x0000000083900000|
|  34|0x0000000083a00000, 0x0000000083a00000, 0x0000000083b00000|  0%| F|  |TS  0|AC  0|TAMS 0x0000000083a00000, 0x0000000083a00000|
|  35|0x0000000083b00000, 0x0000000083b00000, 0x0000000083c00000|  0%| F|  |TS  0|AC  0|TAMS 0x0000000083b00000, 0x0000000083b00000|
|  36|0x0000000083c00000, 0x0000000083c00000, 0x0000000083d00000|  0%| F|  |TS  0|AC  0|TAMS 0x0000000083c00000, 0x0000000083c00000|
|  37|0x0000000083d00000, 0x0000000083d00000, 0x0000000083e00000|  0%| F|  |TS  0|AC  0|TAMS 0x0000000083d00000, 0x0000000083d00000|
|  38|0x0000000083e00000, 0x0000000083e00000, 0x0000000083f00000|  0%| F|  |TS  0|AC  0|TAMS 0x0000000083e00000, 0x0000000083e00000|
|  39|0x0000000083f00000, 0x0000000083f00000, 0x0000000084000000|  0%| F|  |TS  0|AC  0|TAMS 0x0000000083f00000, 0x0000000083f00000|
|  40|0x0000000084000000, 0x0000000084000000, 0x0000000084100000|  0%| F|  |TS  0|AC  0|TAMS 0x0000000084000000, 0x0000000084000000|
|  41|0x0000000084100000, 0x0000000084100000, 0x0000000084200000|  0%| F|  |TS  0|AC  0|TAMS 0x0000000084100000, 0x0000000084100000|
|  42|0x0000000084200000, 0x0000000084200000, 0x0000000084300000|  0%| F|  |TS  0|AC  0|TAMS 0x0000000084200000, 0x0000000084200000|
|  43|0x0000000084300000, 0x0000000084300000, 0x0000000084400000|  0%| F|  |TS  0|AC  0|TAMS 0x0000000084300000, 0x0000000084300000|
|  44|0x0000000084400000, 0x0000000084400000, 0x0000000084500000|  0%| F|  |TS  0|AC  0|TAMS 0x0000000084400000, 0x0000000084400000|
|  45|0x0000000084500000, 0x0000000084500000, 0x0000000084600000|  0%| F|  |TS  0|AC  0|TAMS 0x0000000084500000, 0x0000000084500000|
|  46|0x0000000084600000, 0x0000000084600000, 0x0000000084700000|  0%| F|  |TS  0|AC  0|TAMS 0x0000000084600000, 0x0000000084600000|
|  47|0x0000000084700000, 0x0000000084700000, 0x0000000084800000|  0%| F|  |TS  0|AC  0|TAMS 0x0000000084700000, 0x0000000084700000|
|  48|0x0000000084800000, 0x0000000084800000, 0x0000000084900000|  0%| F|  |TS  0|AC  0|TAMS 0x0000000084800000, 0x0000000084800000|
|  49|0x0000000084900000, 0x0000000084900000, 0x0000000084a00000|  0%| F|  |TS  0|AC  0|TAMS 0x0000000084900000, 0x0000000084900000|
|  50|0x0000000084a00000, 0x0000000084a00000, 0x0000000084b00000|  0%| F|  |TS  0|AC  0|TAMS 0x0000000084a00000, 0x0000000084a00000|
|  51|0x0000000084b00000, 0x0000000084b00000, 0x0000000084c00000|  0%| F|  |TS  0|AC  0|TAMS 0x0000000084b00000, 0x0000000084b00000|
|  52|0x0000000084c00000, 0x0000000084c00000, 0x0000000084d00000|  0%| F|  |TS  0|AC  0|TAMS 0x0000000084c00000, 0x0000000084c00000|
|  53|0x0000000084d00000, 0x0000000084d00000, 0x0000000084e00000|  0%| F|  |TS  0|AC  0|TAMS 0x0000000084d00000, 0x0000000084d00000|
|  54|0x0000000084e00000, 0x0000000084e00000, 0x0000000084f00000|  0%| F|  |TS  0|AC  0|TAMS 0x0000000084e00000, 0x0000000084e00000|
|  55|0x0000000084f00000, 0x0000000084f00000, 0x0000000085000000|  0%| F|  |TS  0|AC  0|TAMS 0x0000000084f00000, 0x0000000084f00000|
|  56|0x0000000085000000, 0x0000000085000000, 0x0000000085100000|  0%| F|  |TS  0|AC  0|TAMS 0x0000000085000000, 0x0000000085000000|
|  57|0x0000000085100000, 0x0000000085100000, 0x0000000085200000|  0%| F|  |TS  0|AC  0|TAMS 0x0000000085100000, 0x0000000085100000|
|  58|0x0000000085200000, 0x0000000085200000, 0x0000000085300000|  0%| F|  |TS  0|AC  0|TAMS 0x0000000085200000, 0x0000000085200000|
|  59|0x0000000085300000, 0x0000000085300000, 0x0000000085400000|  0%| F|  |TS  0|AC  0|TAMS 0x0000000085300000, 0x0000000085300000|
|  60|0x0000000085400000, 0x0000000085400000, 0x0000000085500000|  0%| F|  |TS  0|AC  0|TAMS 0x0000000085400000, 0x0000000085400000|
|  61|0x0000000085500000, 0x0000000085500000, 0x0000000085600000|  0%| F|  |TS  0|AC  0|TAMS 0x0000000085500000, 0x0000000085500000|
|  62|0x0000000085600000, 0x0000000085600000, 0x0000000085700000|  0%| F|  |TS  0|AC  0|TAMS 0x0000000085600000, 0x0000000085600000|
|  63|0x0000000085700000, 0x0000000085700000, 0x0000000085800000|  0%| F|  |TS  0|AC  0|TAMS 0x0000000085700000, 0x0000000085700000|
|  64|0x0000000085800000, 0x0000000085800000, 0x0000000085900000|  0%| F|  |TS  0|AC  0|TAMS 0x0000000085800000, 0x0000000085800000|
|  65|0x0000000085900000, 0x0000000085900000, 0x0000000085a00000|  0%| F|  |TS  0|AC  0|TAMS 0x0000000085900000, 0x0000000085900000|
|  66|0x0000000085a00000, 0x0000000085a00000, 0x0000000085b00000|  0%| F|  |TS  0|AC  0|TAMS 0x0000000085a00000, 0x0000000085a00000|
|  67|0x0000000085b00000, 0x0000000085b00000, 0x0000000085c00000|  0%| F|  |TS  0|AC  0|TAMS 0x0000000085b00000, 0x0000000085b00000|
|  68|0x0000000085c00000, 0x0000000085c00000, 0x0000000085d00000|  0%| F|  |TS  0|AC  0|TAMS 0x0000000085c00000, 0x0000000085c00000|
|  69|0x0000000085d00000, 0x0000000085d00000, 0x0000000085e00000|  0%| F|  |TS  0|AC  0|TAMS 0x0000000085d00000, 0x0000000085d00000|
|  70|0x0000000085e00000, 0x0000000085e00000, 0x0000000085f00000|  0%| F|  |TS  0|AC  0|TAMS 0x0000000085e00000, 0x0000000085e00000|
|  71|0x0000000085f00000, 0x0000000085f00000, 0x0000000086000000|  0%| F|  |TS  0|AC  0|TAMS 0x0000000085f00000, 0x0000000085f00000|
|  72|0x0000000086000000, 0x0000000086000000, 0x0000000086100000|  0%| F|  |TS  0|AC  0|TAMS 0x0000000086000000, 0x0000000086000000|
|  73|0x0000000086100000, 0x0000000086100000, 0x0000000086200000|  0%| F|  |TS  0|AC  0|TAMS 0x0000000086100000, 0x0000000086100000|
|  74|0x0000000086200000, 0x0000000086200000, 0x0000000086300000|  0%| F|  |TS  0|AC  0|TAMS 0x0000000086200000, 0x0000000086200000|
|  75|0x0000000086300000, 0x0000000086300000, 0x0000000086400000|  0%| F|  |TS  0|AC  0|TAMS 0x0000000086300000, 0x0000000086300000|
|  76|0x0000000086400000, 0x0000000086400000, 0x0000000086500000|  0%| F|  |TS  0|AC  0|TAMS 0x0000000086400000, 0x0000000086400000|
|  77|0x0000000086500000, 0x0000000086500000, 0x0000000086600000|  0%| F|  |TS  0|AC  0|TAMS 0x0000000086500000, 0x0000000086500000|
|  78|0x0000000086600000, 0x0000000086600000, 0x0000000086700000|  0%| F|  |TS  0|AC  0|TAMS 0x0000000086600000, 0x0000000086600000|
|  79|0x0000000086700000, 0x0000000086700000, 0x0000000086800000|  0%| F|  |TS  0|AC  0|TAMS 0x0000000086700000, 0x0000000086700000|
|  80|0x0000000086800000, 0x0000000086800000, 0x0000000086900000|  0%| F|  |TS  0|AC  0|TAMS 0x0000000086800000, 0x0000000086800000|
|  81|0x0000000086900000, 0x0000000086900000, 0x0000000086a00000|  0%| F|  |TS  0|AC  0|TAMS 0x0000000086900000, 0x0000000086900000|
|  82|0x0000000086a00000, 0x0000000086a00000, 0x0000000086b00000|  0%| F|  |TS  0|AC  0|TAMS 0x0000000086a00000, 0x0000000086a00000|
|  83|0x0000000086b00000, 0x0000000086b00000, 0x0000000086c00000|  0%| F|  |TS  0|AC  0|TAMS 0x0000000086b00000, 0x0000000086b00000|
|  84|0x0000000086c00000, 0x0000000086c00000, 0x0000000086d00000|  0%| F|  |TS  0|AC  0|TAMS 0x0000000086c00000, 0x0000000086c00000|
|  85|0x0000000086d00000, 0x0000000086d00000, 0x0000000086e00000|  0%| F|  |TS  0|AC  0|TAMS 0x0000000086d00000, 0x0000000086d00000|
|  86|0x0000000086e00000, 0x0000000086e00000, 0x0000000086f00000|  0%| F|  |TS  0|AC  0|TAMS 0x0000000086e00000, 0x0000000086e00000|
|  87|0x0000000086f00000, 0x0000000086f00000, 0x0000000087000000|  0%| F|  |TS  0|AC  0|TAMS 0x0000000086f00000, 0x0000000086f00000|
|  88|0x0000000087000000, 0x0000000087000000, 0x0000000087100000|  0%| F|  |TS  0|AC  0|TAMS 0x0000000087000000, 0x0000000087000000|
|  89|0x0000000087100000, 0x0000000087100000, 0x0000000087200000|  0%| F|  |TS  0|AC  0|TAMS 0x0000000087100000, 0x0000000087100000|
|  90|0x0000000087200000, 0x0000000087200000, 0x0000000087300000|  0%| F|  |TS  0|AC  0|TAMS 0x0000000087200000, 0x0000000087200000|
|  91|0x0000000087300000, 0x0000000087300000, 0x0000000087400000|  0%| F|  |TS  0|AC  0|TAMS 0x0000000087300000, 0x0000000087300000|
|  92|0x0000000087400000, 0x0000000087400000, 0x0000000087500000|  0%| F|  |TS  0|AC  0|TAMS 0x0000000087400000, 0x0000000087400000|
|  93|0x0000000087500000, 0x0000000087500000, 0x0000000087600000|  0%| F|  |TS  0|AC  0|TAMS 0x0000000087500000, 0x0000000087500000|
|  94|0x0000000087600000, 0x0000000087600000, 0x0000000087700000|  0%| F|  |TS  0|AC  0|TAMS 0x0000000087600000, 0x0000000087600000|
|  95|0x0000000087700000, 0x0000000087700000, 0x0000000087800000|  0%| F|  |TS  0|AC  0|TAMS 0x0000000087700000, 0x0000000087700000|
|  96|0x0000000087800000, 0x0000000087800000, 0x0000000087900000|  0%| F|  |TS  0|AC  0|TAMS 0x0000000087800000, 0x0000000087800000|
|  97|0x0000000087900000, 0x0000000087900000, 0x0000000087a00000|  0%| F|  |TS  0|AC  0|TAMS 0x0000000087900000, 0x0000000087900000|
|  98|0x0000000087a00000, 0x0000000087a00000, 0x0000000087b00000|  0%| F|  |TS  0|AC  0|TAMS 0x0000000087a00000, 0x0000000087a00000|
|  99|0x0000000087b00000, 0x0000000087b00000, 0x0000000087c00000|  0%| F|  |TS  0|AC  0|TAMS 0x0000000087b00000, 0x0000000087b00000|
| 100|0x0000000087c00000, 0x0000000087c00000, 0x0000000087d00000|  0%| F|  |TS  0|AC  0|TAMS 0x0000000087c00000, 0x0000000087c00000|
| 101|0x0000000087d00000, 0x0000000087d00000, 0x0000000087e00000|  0%| F|  |TS  0|AC  0|TAMS 0x0000000087d00000, 0x0000000087d00000|
| 102|0x0000000087e00000, 0x0000000087e00000, 0x0000000087f00000|  0%| F|  |TS  0|AC  0|TAMS 0x0000000087e00000, 0x0000000087e00000|
| 103|0x0000000087f00000, 0x0000000087f00000, 0x0000000088000000|  0%| F|  |TS  0|AC  0|TAMS 0x0000000087f00000, 0x0000000087f00000|
| 104|0x0000000088000000, 0x0000000088000000, 0x0000000088100000|  0%| F|  |TS  0|AC  0|TAMS 0x0000000088000000, 0x0000000088000000|
| 105|0x0000000088100000, 0x0000000088100000, 0x0000000088200000|  0%| F|  |TS  0|AC  0|TAMS 0x0000000088100000, 0x0000000088100000|
| 106|0x0000000088200000, 0x0000000088200000, 0x0000000088300000|  0%| F|  |TS  0|AC  0|TAMS 0x0000000088200000, 0x0000000088200000|
| 107|0x0000000088300000, 0x0000000088300000, 0x0000000088400000|  0%| F|  |TS  0|AC  0|TAMS 0x0000000088300000, 0x0000000088300000|
| 108|0x0000000088400000, 0x0000000088400000, 0x0000000088500000|  0%| F|  |TS  0|AC  0|TAMS 0x0000000088400000, 0x0000000088400000|
| 109|0x0000000088500000, 0x0000000088500000, 0x0000000088600000|  0%| F|  |TS  0|AC  0|TAMS 0x0000000088500000, 0x0000000088500000|
| 110|0x0000000088600000, 0x0000000088600000, 0x0000000088700000|  0%| F|  |TS  0|AC  0|TAMS 0x0000000088600000, 0x0000000088600000|
| 111|0x0000000088700000, 0x0000000088700000, 0x0000000088800000|  0%| F|  |TS  0|AC  0|TAMS 0x0000000088700000, 0x0000000088700000|
| 112|0x0000000088800000, 0x0000000088800000, 0x0000000088900000|  0%| F|  |TS  0|AC  0|TAMS 0x0000000088800000, 0x0000000088800000|
| 113|0x0000000088900000, 0x0000000088900000, 0x0000000088a00000|  0%| F|  |TS  0|AC  0|TAMS 0x0000000088900000, 0x0000000088900000|
| 114|0x0000000088a00000, 0x0000000088a00000, 0x0000000088b00000|  0%| F|  |TS  0|AC  0|TAMS 0x0000000088a00000, 0x0000000088a00000|
| 115|0x0000000088b00000, 0x0000000088b00000, 0x0000000088c00000|  0%| F|  |TS  0|AC  0|TAMS 0x0000000088b00000, 0x0000000088b00000|
| 116|0x0000000088c00000, 0x0000000088c00000, 0x0000000088d00000|  0%| F|  |TS  0|AC  0|TAMS 0x0000000088c00000, 0x0000000088c00000|
| 117|0x0000000088d00000, 0x0000000088d00000, 0x0000000088e00000|  0%| F|  |TS  0|AC  0|TAMS 0x0000000088d00000, 0x0000000088d00000|
| 118|0x0000000088e00000, 0x0000000088e48650, 0x0000000088f00000| 28%| E|  |TS  0|AC  0|TAMS 0x0000000088e00000, 0x0000000088e00000|
| 119|0x0000000088f00000, 0x0000000089000000, 0x0000000089000000|100%| E|CS|TS  0|AC  0|TAMS 0x0000000088f00000, 0x0000000088f00000|
| 120|0x0000000089000000, 0x0000000089100000, 0x0000000089100000|100%| E|CS|TS  0|AC  0|TAMS 0x0000000089000000, 0x0000000089000000|
| 121|0x0000000089100000, 0x0000000089200000, 0x0000000089200000|100%| E|CS|TS  0|AC  0|TAMS 0x0000000089100000, 0x0000000089100000|
| 122|0x0000000089200000, 0x0000000089300000, 0x0000000089300000|100%| E|CS|TS  0|AC  0|TAMS 0x0000000089200000, 0x0000000089200000|
| 123|0x0000000089300000, 0x0000000089400000, 0x0000000089400000|100%| E|CS|TS  0|AC  0|TAMS 0x0000000089300000, 0x0000000089300000|
| 124|0x0000000089400000, 0x0000000089500000, 0x0000000089500000|100%| E|CS|TS  0|AC  0|TAMS 0x0000000089400000, 0x0000000089400000|
| 125|0x0000000089500000, 0x0000000089600000, 0x0000000089600000|100%| E|CS|TS  0|AC  0|TAMS 0x0000000089500000, 0x0000000089500000|
| 126|0x0000000089600000, 0x0000000089700000, 0x0000000089700000|100%| E|CS|TS  0|AC  0|TAMS 0x0000000089600000, 0x0000000089600000|
| 127|0x0000000089700000, 0x0000000089800000, 0x0000000089800000|100%| E|CS|TS  0|AC  0|TAMS 0x0000000089700000, 0x0000000089700000|

Card table byte_map: [0x00000208ac240000,0x00000208ac640000] byte_map_base: 0x00000208abe34000

Marking Bits (Prev, Next): (CMBitMap*) 0x0000020890523b60, (CMBitMap*) 0x0000020890523b98
 Prev Bits: [0x00000208aca40000, 0x00000208ae9e0000)
 Next Bits: [0x00000208ae9e0000, 0x00000208b0980000)

Polling page: 0x0000020890400000

CodeHeap 'non-profiled nmethods': size=120064Kb used=161Kb max_used=161Kb free=119902Kb
 bounds [0x00000208a3ed0000, 0x00000208a4140000, 0x00000208ab410000]
CodeHeap 'profiled nmethods': size=120000Kb used=988Kb max_used=988Kb free=119011Kb
 bounds [0x000002089c9a0000, 0x000002089cc10000, 0x00000208a3ed0000]
CodeHeap 'non-nmethods': size=5696Kb used=1214Kb max_used=1227Kb free=4481Kb
 bounds [0x000002089c410000, 0x000002089c680000, 0x000002089c9a0000]
 total_blobs=1033 nmethods=541 adapters=283
 compilation: enabled

Compilation events (10 events):
Event: 3718.672 Thread 0x00000208b38fb800  537       3       org.eclipse.jdt.launching.internal.org.objectweb.asm.AnnotationWriter::putAnnotations (67 bytes)
Event: 3718.673 Thread 0x00000208b38fb800 nmethod 537 0x000002089ca92410 code [0x000002089ca92640, 0x000002089ca92ec0]
Event: 3756.964 Thread 0x00000208b38fb800  538       3       org.eclipse.jdt.launching.internal.org.objectweb.asm.SymbolTable::addConstantClass (8 bytes)
Event: 3756.964 Thread 0x00000208b38fb800 nmethod 538 0x000002089ca93190 code [0x000002089ca93340, 0x000002089ca934f0]
Event: 3756.964 Thread 0x00000208b38fb800  539       3       org.eclipse.jdt.launching.internal.org.objectweb.asm.ClassReader::readVerificationTypeInfo (184 bytes)
Event: 3756.966 Thread 0x00000208b38fb800 nmethod 539 0x000002089ca93590 code [0x000002089ca938e0, 0x000002089ca953b0]
Event: 3756.966 Thread 0x00000208b38fb800  540       3       org.eclipse.jdt.launching.internal.org.objectweb.asm.ByteVector::enlarge (51 bytes)
Event: 3756.966 Thread 0x00000208b38fb800 nmethod 540 0x000002089ca95d90 code [0x000002089ca95f60, 0x000002089ca962d0]
Event: 3756.966 Thread 0x00000208b38fb800  541       3       org.eclipse.jdt.launching.internal.org.objectweb.asm.MethodWriter::putFrameType (83 bytes)
Event: 3756.967 Thread 0x00000208b38fb800 nmethod 541 0x000002089ca96410 code [0x000002089ca96660, 0x000002089ca97060]

GC Heap History (0 events):
No events

Deoptimization events (1 events):
Event: 1.814 Thread 0x0000020890483800 Uncommon trap: reason=unstable_if action=reinterpret pc=0x00000208a3edc27c method=java.lang.String.charAt(I)C @ 4 c2

Classes redefined (4 events):
Event: 202.712 Thread 0x00000208b3830800 redefined class name=eg.edu.alexu.csd.datastructure.linkedList.mm, count=1
Event: 202.713 Thread 0x00000208b3830800 redefined class name=eg.edu.alexu.csd.datastructure.linkedList.polynomialsolver, count=1
Event: 1529.860 Thread 0x00000208b3830800 redefined class name=eg.edu.alexu.csd.datastructure.linkedList.mm, count=2
Event: 4135.198 Thread 0x00000208b3830800 redefined class name=eg.edu.alexu.csd.datastructure.linkedList.mm, count=3

Internal exceptions (2 events):
Event: 2.759 Thread 0x0000020890483800 Exception <a 'java/lang/NoSuchMethodError'{0x0000000089099310}: java.lang.Object.lambda$negate$3(I)Z> (0x0000000089099310) thrown at [c:/workspace/9-2-build-windows-amd64-cygwin-phase2/jdk9/6725/hotspot/src/share/vm/interpreter/linkResolver.cpp, line 731]
Event: 2.765 Thread 0x0000020890483800 Exception <a 'java/lang/NoSuchMethodError'{0x000000008909c768}: java.lang.Object.lambda$and$0(Ljava/util/regex/Pattern$CharPredicate;I)Z> (0x000000008909c768) thrown at [c:/workspace/9-2-build-windows-amd64-cygwin-phase2/jdk9/6725/hotspot/src/share/vm/int

Events (10 events):
Event: 202.714 Executing VM operation: RedefineClasses done
Event: 202.734 Executing VM operation: ChangeBreakpoints
Event: 202.735 Executing VM operation: ChangeBreakpoints done
Event: 1529.857 Executing VM operation: RedefineClasses
Event: 1529.861 Executing VM operation: RedefineClasses done
Event: 3022.619 Executing VM operation: ChangeBreakpoints
Event: 3022.619 Executing VM operation: ChangeBreakpoints done
Event: 3022.620 Executing VM operation: ChangeBreakpoints
Event: 3022.620 Executing VM operation: ChangeBreakpoints done
Event: 4135.193 Executing VM operation: RedefineClasses


Dynamic libraries:
0x00007ff7bc510000 - 0x00007ff7bc54e000 	C:\Program Files\Java\jdk-9\bin\javaw.exe
0x00007ff824ba0000 - 0x00007ff824d81000 	C:\WINDOWS\SYSTEM32\ntdll.dll
0x00007ff8220d0000 - 0x00007ff822181000 	C:\WINDOWS\System32\KERNEL32.DLL
0x00007ff821b20000 - 0x00007ff821d93000 	C:\WINDOWS\System32\KERNELBASE.dll
0x00007ff824ac0000 - 0x00007ff824b61000 	C:\WINDOWS\System32\ADVAPI32.dll
0x00007ff822400000 - 0x00007ff82249e000 	C:\WINDOWS\System32\msvcrt.dll
0x00007ff822330000 - 0x00007ff82238b000 	C:\WINDOWS\System32\sechost.dll
0x00007ff823e10000 - 0x00007ff823f34000 	C:\WINDOWS\System32\RPCRT4.dll
0x00007ff8224a0000 - 0x00007ff822630000 	C:\WINDOWS\System32\USER32.dll
0x00007ff821860000 - 0x00007ff821880000 	C:\WINDOWS\System32\win32u.dll
0x00007ff824320000 - 0x00007ff824348000 	C:\WINDOWS\System32\GDI32.dll
0x00007ff8218d0000 - 0x00007ff821a61000 	C:\WINDOWS\System32\gdi32full.dll
0x00007ff821da0000 - 0x00007ff821e3f000 	C:\WINDOWS\System32\msvcp_win.dll
0x00007ff821ec0000 - 0x00007ff821fb8000 	C:\WINDOWS\System32\ucrtbase.dll
0x00007ff817860000 - 0x00007ff817ac9000 	C:\WINDOWS\WinSxS\amd64_microsoft.windows.common-controls_6595b64144ccf1df_6.0.17134.1365_none_d401d10f7c8e8b9b\COMCTL32.dll
0x00007ff8182c0000 - 0x00007ff8182ca000 	C:\WINDOWS\SYSTEM32\VERSION.dll
0x00007ff822630000 - 0x00007ff822951000 	C:\WINDOWS\System32\combase.dll
0x00007ff821e40000 - 0x00007ff821eb9000 	C:\WINDOWS\System32\bcryptPrimitives.dll
0x00007ff824350000 - 0x00007ff82437d000 	C:\WINDOWS\System32\IMM32.DLL
0x00007ff808d40000 - 0x00007ff808e2f000 	C:\Program Files\Java\jdk-9\bin\msvcr120.dll
0x00007ff8068d0000 - 0x00007ff806976000 	C:\Program Files\Java\jdk-9\bin\msvcp120.dll
0x0000000074030000 - 0x0000000074a5a000 	C:\Program Files\Java\jdk-9\bin\server\jvm.dll
0x00007ff824550000 - 0x00007ff824558000 	C:\WINDOWS\System32\PSAPI.DLL
0x00007ff81fa60000 - 0x00007ff81fa69000 	C:\WINDOWS\SYSTEM32\WSOCK32.dll
0x00007ff8244e0000 - 0x00007ff82454c000 	C:\WINDOWS\System32\WS2_32.dll
0x00007ff817270000 - 0x00007ff817293000 	C:\WINDOWS\SYSTEM32\WINMM.dll
0x00007ff817060000 - 0x00007ff81708a000 	C:\WINDOWS\SYSTEM32\winmmbase.dll
0x00007ff821880000 - 0x00007ff8218c9000 	C:\WINDOWS\System32\cfgmgr32.dll
0x00007ff81dfa0000 - 0x00007ff81dfaf000 	C:\Program Files\Java\jdk-9\bin\verify.dll
0x00007ff81d990000 - 0x00007ff81d9b7000 	C:\Program Files\Java\jdk-9\bin\java.dll
0x00007ff8092c0000 - 0x00007ff8092f6000 	C:\Program Files\Java\jdk-9\bin\jdwp.dll
0x00007ff80adc0000 - 0x00007ff80adea000 	C:\Program Files\Java\jdk-9\bin\instrument.dll
0x00007ff81d960000 - 0x00007ff81d976000 	C:\Program Files\Java\jdk-9\bin\zip.dll
0x00007ff81df90000 - 0x00007ff81df9a000 	C:\Program Files\Java\jdk-9\bin\jimage.dll
0x00007ff8229c0000 - 0x00007ff823e05000 	C:\WINDOWS\System32\SHELL32.dll
0x00007ff822020000 - 0x00007ff8220c9000 	C:\WINDOWS\System32\shcore.dll
0x00007ff820f60000 - 0x00007ff821670000 	C:\WINDOWS\System32\windows.storage.dll
0x00007ff822960000 - 0x00007ff8229b1000 	C:\WINDOWS\System32\shlwapi.dll
0x00007ff820f20000 - 0x00007ff820f31000 	C:\WINDOWS\System32\kernel.appcore.dll
0x00007ff820f40000 - 0x00007ff820f5f000 	C:\WINDOWS\System32\profapi.dll
0x00007ff820ed0000 - 0x00007ff820f1c000 	C:\WINDOWS\System32\powrprof.dll
0x00007ff820ea0000 - 0x00007ff820eaa000 	C:\WINDOWS\System32\FLTLIB.DLL
0x00007ff81d280000 - 0x00007ff81d29a000 	C:\Program Files\Java\jdk-9\bin\net.dll
0x00007ff819bf0000 - 0x00007ff819ccd000 	C:\WINDOWS\SYSTEM32\WINHTTP.dll
0x00007ff820720000 - 0x00007ff820786000 	C:\WINDOWS\system32\mswsock.dll
0x00007ff81d230000 - 0x00007ff81d241000 	C:\Program Files\Java\jdk-9\bin\nio.dll
0x00007ff817ea0000 - 0x00007ff817eaa000 	C:\Program Files\Java\jdk-9\bin\dt_socket.dll
0x00007ff8204b0000 - 0x00007ff82056e000 	C:\WINDOWS\SYSTEM32\DNSAPI.dll
0x00007ff824120000 - 0x00007ff824128000 	C:\WINDOWS\System32\NSI.dll
0x00007ff820470000 - 0x00007ff8204a8000 	C:\WINDOWS\SYSTEM32\IPHLPAPI.DLL
0x0000000063560000 - 0x0000000063569000 	C:\Program Files\National Instruments\Shared\mDNS Responder\nimdnsNSP.dll
0x0000000063550000 - 0x000000006355e000 	C:\WINDOWS\SYSTEM32\nimdnsResponder.dll
0x0000000075de0000 - 0x0000000075e83000 	C:\WINDOWS\WinSxS\amd64_microsoft.vc90.crt_1fc8b3b9a1e18e3b_9.0.30729.9415_none_08e0c10ba840a28a\MSVCR90.dll
0x00007ff817fb0000 - 0x00007ff818022000 	C:\WINDOWS\System32\fwpuclnt.dll
0x00007ff820a00000 - 0x00007ff820a25000 	C:\WINDOWS\SYSTEM32\bcrypt.dll
0x00007ff816f20000 - 0x00007ff816f2a000 	C:\Windows\System32\rasadhlp.dll
0x00007ff81f890000 - 0x00007ff81fa59000 	C:\WINDOWS\SYSTEM32\dbghelp.dll

VM Arguments:
jvm_args: -agentlib:jdwp=transport=dt_socket,suspend=y,address=localhost:65211 -javaagent:C:\eclipse\configuration\org.eclipse.osgi\228\0\.cp\lib\javaagent-shaded.jar -Dfile.encoding=Cp1252 
java_command: eg.edu.alexu.csd.datastructure.linkedList.mm
java_class_path (initial): E:\radwa\university\Level one\2nd Semester\Data Structure\SingleListimplementation\bin;C:\eclipse\plugins\org.junit_4.12.0.v201504281640\junit.jar;C:\eclipse\plugins\org.hamcrest.core_1.3.0.v20180420-1519.jar
Launcher Type: SUN_STANDARD

Logging:
Log output configuration:
#0: stdout all=warning uptime,level,tags
#1: stderr all=off uptime,level,tags

Environment Variables:
PATH=C:/Program Files/Java/jdk-9/bin/server;C:/Program Files/Java/jdk-9/bin;C:\Program Files (x86)\CodeBlocks\MinGW\bin;C:\WINDOWS\system32;C:\WINDOWS;C:\WINDOWS\System32\Wbem;C:\WINDOWS\System32\WindowsPowerShell\v1.0\;C:\Program Files (x86)\ATI Technologies\ATI.ACE\Core-Static;C:\Program Files\Common Files\Autodesk Shared\;C:\E20-II\Enviro;C:\Program Files (x86)\Windows Live\Shared;C:\WINDOWS\System32\OpenSSH\;C:\Matlab 2016\runtime\win64;C:\Matlab 2016\bin;C:\Matlab 2016\polyspace\bin;C:\Program Files\Java\jdk-9\bin;C:\Program Files\Java\jre-9\bin;C:\ProgramData\Oracle\Java\javapath;C:\Program Files\Git\cmd;C:\Program Files\Java\jdk-9\bin;%USERPROFILE%\AppData\Local\Microsoft\WindowsApps;;C:\Modeltech_pe_edu_10.4a\win32pe_edu;C:\eclipse;
USERNAME=Home
OS=Windows_NT
PROCESSOR_IDENTIFIER=Intel64 Family 6 Model 78 Stepping 3, GenuineIntel



---------------  S Y S T E M  ---------------

OS: Windows 10 , 64 bit Build 17134 (10.0.17134.753)

CPU:total 4 (initial active 4) (2 cores per cpu, 2 threads per core) family 6 model 78 stepping 3, cmov, cx8, fxsr, mmx, sse, sse2, sse3, ssse3, sse4.1, sse4.2, popcnt, avx, avx2, aes, clmul, erms, 3dnowpref, lzcnt, ht, tsc, tscinvbit, bmi1, bmi2, adx, fma

Memory: 4k page, physical 8285184k(3631928k free), swap 12609620k(5461384k free)

vm_info: Java HotSpot(TM) 64-Bit Server VM (9+181) for windows-amd64 JRE (9+181), built on Aug  2 2017 21:30:51 by "javare" with MS VC++ 12.0 (VS2013)

END.
